<?xml version="1.0" encoding="UTF-8"?>
<!-- Generated by org.testng.reporters.JUnitReportReporter -->
<testsuite skipped="0" hostname="DESKTOP-1JHK3IO" name="com.abc.Orangehrm.Peronal_DetailsTest" tests="1" failures="0" timestamp="2022-04-14T00:08:02 IST" time="11.792" errors="0">
  <testcase name="TC1" time="11.792" classname="com.abc.Orangehrm.Peronal_DetailsTest"/>
  <system-out/>
</testsuite> <!-- com.abc.Orangehrm.Peronal_DetailsTest -->
