<?xml version="1.0" encoding="UTF-8"?>
<!-- Generated by org.testng.reporters.JUnitReportReporter -->
<testsuite skipped="0" hostname="DESKTOP-1JHK3IO" name="com.abc.Orangehrm.LoginPageTest1" tests="1" failures="0" timestamp="2022-04-06T21:57:08 IST" time="2.795" errors="0">
  <testcase name="TC1" time="2.795" classname="com.abc.Orangehrm.LoginPageTest1"/>
  <system-out/>
</testsuite> <!-- com.abc.Orangehrm.LoginPageTest1 -->
