<?xml version="1.0" encoding="UTF-8"?>
<!-- Generated by org.testng.reporters.JUnitReportReporter -->
<testsuite skipped="0" hostname="DESKTOP-1JHK3IO" name="com.abc.Orangehrm.LoginPageTest1" tests="4" failures="0" timestamp="2022-04-27T12:26:34 IST" time="8.300" errors="0">
  <testcase name="TC1" time="2.330" classname="com.abc.Orangehrm.LoginPageTest1"/>
  <system-out/>
  <testcase name="TC2" time="2.018" classname="com.abc.Orangehrm.LoginPageTest1"/>
  <system-out/>
  <testcase name="TC4" time="1.663" classname="com.abc.Orangehrm.LoginPageTest1"/>
  <system-out/>
  <testcase name="TC3" time="2.289" classname="com.abc.Orangehrm.LoginPageTest1"/>
  <system-out/>
</testsuite> <!-- com.abc.Orangehrm.LoginPageTest1 -->
