<?xml version="1.0" encoding="UTF-8"?>
<!-- Generated by org.testng.reporters.JUnitReportReporter -->
<testsuite skipped="0" hostname="DESKTOP-1JHK3IO" name="com.abc.Orangehrm.LoginPageTest1" tests="4" failures="0" timestamp="2022-04-07T12:54:03 IST" time="16.925" errors="0">
  <testcase name="TC4" time="6.303" classname="com.abc.Orangehrm.LoginPageTest1"/>
  <system-out/>
  <testcase name="TC2" time="1.744" classname="com.abc.Orangehrm.LoginPageTest1"/>
  <system-out/>
  <testcase name="TC1" time="7.106" classname="com.abc.Orangehrm.LoginPageTest1"/>
  <system-out/>
  <testcase name="TC3" time="1.772" classname="com.abc.Orangehrm.LoginPageTest1"/>
  <system-out/>
</testsuite> <!-- com.abc.Orangehrm.LoginPageTest1 -->
